<?xml version="1.0" encoding="UTF-8"?>
<!-- Generated by org.testng.reporters.JUnitXMLReporter -->
<testsuite hostname="Soumyak-iMac" ignored="0" name="Upload_Tag_Sheet_Feature" tests="1" failures="1" timestamp="12 Jun 2018 11:56:24 GMT" time="0.927" errors="0">
  <testcase name="feature" time="0.231" classname="cucumber.api.testng.AbstractTestNGCucumberTests">
    <failure type="cucumber.runtime.CucumberException" message="cucumber.runtime.CucumberException: There are undefined steps">
      <![CDATA[cucumber.runtime.CucumberException: cucumber.runtime.CucumberException: There are undefined stepsat cucumber.api.testng.TestNGCucumberRunner.runCucumber(TestNGCucumberRunner.java:69)at cucumber.api.testng.AbstractTestNGCucumberTests.feature(AbstractTestNGCucumberTests.java:21)Caused by: cucumber.runtime.CucumberException: There are undefined stepsat cucumber.api.testng.FeatureResultListener.collectError(FeatureResultListener.java:60)at cucumber.api.testng.FeatureResultListener.result(FeatureResultListener.java:45)at cucumber.runtime.Runtime.runStep(Runtime.java:282)at cucumber.runtime.model.StepContainer.runStep(StepContainer.java:44)at cucumber.runtime.model.StepContainer.runSteps(StepContainer.java:39)at cucumber.runtime.model.CucumberScenario.runBackground(CucumberScenario.java:59)at cucumber.runtime.model.CucumberScenario.run(CucumberScenario.java:42)at cucumber.runtime.model.CucumberFeature.run(CucumberFeature.java:165)at cucumber.api.testng.TestNGCucumberRunner.runCucumber(TestNGCucumberRunner.java:63)... 26 more... Removed 25 stack frames]]>
    </failure>
  </testcase> <!-- feature -->
</testsuite> <!-- Upload_Tag_Sheet_Feature -->
